https://test1.veee297.vip_000_0.143541
https://getveee.com_302_0.229360
https://myveee005.club_302_0.256121
https://veee002.com_302_0.422818
https://lastpic.club_403_0.423137
https://myveee006.club_200_0.430142
https://veee265.vip_302_0.428227
https://myup923.club_302_0.418158
https://veee212.vip_302_0.462444
https://test2.veee297.vip_000_0.529401
https://dfhiu3.com_000_0.509177
https://test3.veee297.vip_000_0.599404
https://test3.upnet195.vip_000_0.606516
https://veee.fun_302_0.681914
https://veee.club_302_0.689335
https://veee100.com_302_0.687169
https://veee167.vip_302_0.683916
https://veee006.com_302_0.691190
https://veee004.com_302_0.690511
https://veee150.vip_302_0.686357
https://veee241.vip_302_0.685994
https://veee.vip_302_0.700576
https://veeeepic.club_302_0.703440
https://veee004.club_302_0.679924
https://veee130.vip_302_0.688937
https://veee153.vip_302_0.684589
https://t-wep23.club_302_0.697265
https://veee175.vip_302_0.700600
https://veee102.com_302_0.717536
https://veee205.vip_302_0.699208
https://veee198.vip_302_0.714320
https://veee215.vip_302_0.700135
https://veeevpn.com_302_0.680424
https://veee172.vip_302_0.691696
https://veee135.vip_302_0.699981
https://t-sfwer.club_302_0.690774
https://upnet105.vip_302_0.684303
https://veee111.vip_302_0.703870
https://veee231.vip_302_0.706356
https://t-lowd2.club_302_0.696386
https://upnet132.vip_302_0.683165
https://veeepay.com_302_0.716141
https://t-owoad.club_302_0.686377
https://upnet120.vip_302_0.699936
https://upnet777.vip_302_0.700039
https://upnet090.vip_302_0.694340
https://upnet159.vip_302_0.687129
https://veee170.vip_302_0.699210
https://veee006.club_302_0.708491
https://upnet129.vip_302_0.709615
https://veee128.vip_302_0.723988
https://veee224.vip_302_0.708607
https://veee005.club_302_0.703846
https://upnet131.vip_302_0.692100
https://upnet180.vip_302_0.712725
https://t-234ds.club_302_0.724351
https://myup001.club_302_0.714034
https://veee151.vip_302_0.729725
https://l-pwer2.club_200_0.772157
https://l-cxvas.club_200_0.786081
https://veeejs.com_200_0.838738
https://veee-team.vip_200_0.786956
https://upnet191.vip_200_0.807386
https://upnet185.vip_200_0.817489
https://up88088.vip_200_0.809866
https://veee295.vip_200_0.862093
https://cdn.zbx.edgeeee.com_403_0.868490
https://veee267.vip_200_0.898639
https://veee103.com_200_0.912766
https://myup007.club_302_0.878583
https://veee.live_200_0.927888
https://myup002.club_302_0.886002
https://veee292.vip_200_0.924229
https://veee276.vip_200_0.927194
https://veee271.vip_200_0.914938
https://msf2a.club_200_0.904842
https://zsd2s.club_200_0.910505
https://up6066.vip_200_0.995266
https://myhyper.net_200_1.016609
https://myup808.club_302_1.246498
https://vwiua2.com_000_1.646796
https://veee.city_302_1.692226
https://veee165.vip_302_1.700545
https://upnet173.vip_302_1.682315
https://t-2fsfa.club_302_1.710327
https://veee115.vip_302_1.722028
https://veee177.vip_302_1.712133
https://veee007.club_302_1.711833
https://veeeforcn.club_200_1.786239
https://atomspeedup.com_200_1.799332
https://l-p2ewr.club_200_1.786727
https://upnet189.vip_200_1.806403
https://upnet181.vip_200_1.822426
https://upnet192.vip_200_1.827894
https://myup080.club_302_1.838021
https://sw23s.club_200_1.879890
https://seemyworlds.club_200_1.902856
https://myup832.club_302_2.411820
https://test1.upnet195.vip_000_5.625703
https://veee247.vip_302_5.698572
https://veee001.club_302_5.692245
https://veee226.vip_302_5.718807
https://upnet072.vip_302_5.692058
https://upnet002.vip_302_5.684060
https://upnet205.vip_302_5.692107
https://upnet155.vip_302_5.694524
https://upnet137.vip_302_5.694049
https://upnet001.vip_302_5.692278
https://veee002.club_302_5.705012
https://upnet003.vip_302_5.708487
https://upnet202.vip_302_5.695437
https://t-woeio.club_302_5.740191
https://veee202.vip_302_5.700022
https://upnet075.vip_302_5.721735
https://upnet160.vip_302_5.704235
https://veee238.vip_302_5.740030
https://upnet112.vip_302_5.715406
https://upnet101.vip_302_5.706006
https://upnet150.vip_302_5.709424
https://upnet135.vip_302_5.720399
https://veee173.vip_302_5.733147
https://veee008.club_302_5.708329
https://upnet125.vip_302_5.717758
https://upnet162.vip_302_5.718813
https://t-okk2d.club_302_5.715846
https://upnet123.vip_302_5.722816
https://upnet175.vip_302_5.718496
https://upnet157.vip_302_5.720591
https://upnet142.vip_302_5.732696
https://upnet.cc_302_5.721380
https://veee009.club_302_5.731670
https://myup258.club_302_5.734349
https://veee010.club_302_5.720072
https://myveee002.club_302_5.760233
https://upnet109.vip_302_5.727504
https://t-we00s.club_302_5.731349
https://myup252.club_302_5.728955
https://getupnet.club_302_5.736595
https://veee003.club_302_5.732621
https://t-wer2d.club_302_5.742357
https://upnet107.vip_302_5.759433
https://l-owefs.club_200_5.763705
https://upnet124.vip_302_5.755763
https://l-iwefs.club_200_5.777608
https://l-sd2ew.club_200_5.789192
https://cs2sa.club_200_5.790172
https://awer2.club_200_5.795391
https://upnetforcn3.club_200_5.787173
https://l-werou.club_200_5.785861
https://upnetforcn4.club_200_5.791081
https://y2w3s.club_200_5.797621
https://l-ew2sa.club_200_5.802283
https://upnet6088.vip_200_5.806068
https://upnetforcn.club_200_5.803183
https://upnet9988.vip_200_5.808199
https://f23e2.club_200_5.821151
https://l-owe2d.club_200_5.821814
https://upnet186.vip_200_5.833624
https://myveee007.club_200_5.896867
https://upnet183.vip_200_5.838822
https://upnet179.vip_200_5.848059
https://veee273.vip_200_5.856497
https://c.c.edgeeee.com_200_5.864494
https://veee281.vip_200_5.873007
https://veee279.vip_200_5.883758
https://et2ae.club_200_5.903837
https://upnetforcn6.club_200_5.896831
https://test2.upnet195.vip_200_5.926317
https://upnet8898.vip_200_5.911968
https://u2soy.club_200_5.915801
https://myup090.club_302_5.913966
https://w20wi.club_200_5.918586
https://upnet8066.vip_200_5.918666
https://hyperr.net_200_6.022194
https://vjsps.com_200_6.090030
https://hyperspeedup.com_200_6.085154
https://up16888.com_200_6.251342
https://veee263.vip_302_6.701752
https://hypernet.cloud_200_7.293663
https://asiaspeedup.com_200_7.311037
https://veee297.vip_200_7.470684
https://upnetforcn5.club_200_7.916817
https://upnet195.vip_200_9.548728
https://up6606.vip_000_9.999308
